<?xml version="1.0" encoding="UTF-8"?>
<testsuite xmlns:xsi="http://www.w3.org/2001/XMLSchema-instance" xsi:noNamespaceSchemaLocation="https://maven.apache.org/surefire/maven-surefire-plugin/xsd/surefire-test-report.xsd" version="3.0.2" name="com.javatechie.SpringBootMultithreadingApplicationTests" time="35.25" tests="1" errors="0" skipped="0" failures="0">
  <properties>
[...]
</properties>
  <testcase name="contextLoads" classname="com.javatechie.SpringBootMultithreadingApplicationTests" time="2.023">
    <system-out><![CDATA[22:16:52.126 [main] INFO org.springframework.test.context.support.AnnotationConfigContextLoaderUtils -- Could not detect default configuration classes for test class [com.javatechie.SpringBootMultithreadingApplicationTests]: SpringBootMultithreadingApplicationTests does not declare any static, non-private, non-final, nested classes annotated with @Configuration.
22:16:52.702 [main] INFO org.springframework.boot.test.context.SpringBootTestContextBootstrapper -- Found @SpringBootConfiguration com.javatechie.SpringBootMultithreadingApplication for test class com.javatechie.SpringBootMultithreadingApplicationTests

  .   ____          _            __ _ _
 /\\ / ___'_ __ _ _(_)_ __  __ _ \ \ \ \
( ( )\___ | '_ | '_| | '_ \/ _` | \ \ \ \
 \\/  ___)| |_)| | | | | || (_| |  ) ) ) )
  '  |____| .__|_| |_|_| |_\__, | / / / /
 =========|_|==============|___/=/_/_/_/

 :: Spring Boot ::                (v3.4.0)

2024-12-25T22:16:55.181+05:30  INFO 12760 --- [spring-boot-multithreading] [           main] SpringBootMultithreadingApplicationTests : Starting SpringBootMultithreadingApplicationTests using Java 17.0.13 with PID 12760 (started by raghu in G:\spring-boot-workspace-2024\spring-boot-multithreading)
2024-12-25T22:16:55.184+05:30  INFO 12760 --- [spring-boot-multithreading] [           main] SpringBootMultithreadingApplicationTests : No active profile set, falling back to 1 default profile: "default"
2024-12-25T22:16:59.131+05:30  INFO 12760 --- [spring-boot-multithreading] [           main] .s.d.r.c.RepositoryConfigurationDelegate : Bootstrapping Spring Data JPA repositories in DEFAULT mode.
2024-12-25T22:16:59.509+05:30  INFO 12760 --- [spring-boot-multithreading] [           main] .s.d.r.c.RepositoryConfigurationDelegate : Finished Spring Data repository scanning in 319 ms. Found 3 JPA repository interfaces.
2024-12-25T22:17:01.802+05:30  INFO 12760 --- [spring-boot-multithreading] [           main] o.hibernate.jpa.internal.util.LogHelper  : HHH000204: Processing PersistenceUnitInfo [name: default]
2024-12-25T22:17:02.394+05:30  INFO 12760 --- [spring-boot-multithreading] [           main] org.hibernate.Version                    : HHH000412: Hibernate ORM core version 6.6.2.Final
2024-12-25T22:17:02.596+05:30  INFO 12760 --- [spring-boot-multithreading] [           main] o.h.c.internal.RegionFactoryInitiator    : HHH000026: Second-level cache disabled
2024-12-25T22:17:04.151+05:30  INFO 12760 --- [spring-boot-multithreading] [           main] o.s.o.j.p.SpringPersistenceUnitInfo      : No LoadTimeWeaver setup: ignoring JPA class transformer
2024-12-25T22:17:04.437+05:30  INFO 12760 --- [spring-boot-multithreading] [           main] com.zaxxer.hikari.HikariDataSource       : HikariPool-1 - Starting...
2024-12-25T22:17:05.583+05:30  INFO 12760 --- [spring-boot-multithreading] [           main] com.zaxxer.hikari.pool.HikariPool        : HikariPool-1 - Added connection com.mysql.cj.jdbc.ConnectionImpl@1109730f
2024-12-25T22:17:05.589+05:30  INFO 12760 --- [spring-boot-multithreading] [           main] com.zaxxer.hikari.HikariDataSource       : HikariPool-1 - Start completed.
2024-12-25T22:17:06.333+05:30  WARN 12760 --- [spring-boot-multithreading] [           main] org.hibernate.orm.deprecation            : HHH90000025: MySQL8Dialect does not need to be specified explicitly using 'hibernate.dialect' (remove the property setting and it will be selected by default)
2024-12-25T22:17:06.336+05:30  WARN 12760 --- [spring-boot-multithreading] [           main] org.hibernate.orm.deprecation            : HHH90000026: MySQL8Dialect has been deprecated; use org.hibernate.dialect.MySQLDialect instead
2024-12-25T22:17:06.674+05:30  INFO 12760 --- [spring-boot-multithreading] [           main] org.hibernate.orm.connections.pooling    : HHH10001005: Database info:
	Database JDBC URL [Connecting through datasource 'HikariDataSource (HikariPool-1)']
	Database driver: undefined/unknown
	Database version: 8.0
	Autocommit mode: undefined/unknown
	Isolation level: undefined/unknown
	Minimum pool size: undefined/unknown
	Maximum pool size: undefined/unknown
2024-12-25T22:17:10.747+05:30  INFO 12760 --- [spring-boot-multithreading] [           main] o.h.e.t.j.p.i.JtaPlatformInitiator       : HHH000489: No JTA platform available (set 'hibernate.transaction.jta.platform' to enable JTA platform integration)
Hibernate: alter table products modify column description varchar(255)
2024-12-25T22:17:15.174+05:30  INFO 12760 --- [spring-boot-multithreading] [           main] j.LocalContainerEntityManagerFactoryBean : Initialized JPA EntityManagerFactory for persistence unit 'default'
2024-12-25T22:17:21.947+05:30  WARN 12760 --- [spring-boot-multithreading] [           main] JpaBaseConfiguration$JpaWebConfiguration : spring.jpa.open-in-view is enabled by default. Therefore, database queries may be performed during view rendering. Explicitly configure spring.jpa.open-in-view to disable this warning
2024-12-25T22:17:24.191+05:30  INFO 12760 --- [spring-boot-multithreading] [           main] SpringBootMultithreadingApplicationTests : Started SpringBootMultithreadingApplicationTests in 30.556 seconds (process running for 34.963)
]]></system-out>
  </testcase>
</testsuite>